# JRE version: OpenJDK Runtime Environment Temurin-17.0.9+9 (17.0.9+9) (build 17.0.9+9)
# Java VM: OpenJDK 64-Bit Server VM Temurin-17.0.9+9 (17.0.9+9, mixed mode, tiered, compressed oops, compressed class ptrs, parallel gc, windows-amd64)
GC Precious Log:
 CPUs: 6 total, 6 available
 Memory: 7549M
 Large Page Support: Disabled
 NUMA Support: Disabled
 Compressed Oops: Enabled (32-bit)
 Alignments: Space 512K, Generation 512K, Heap 2M
 Heap Min Capacity: 100M
 Heap Initial Capacity: 100M
 Heap Max Capacity: 1G
 Pre-touch: Disabled
 Parallel Workers: 6
Heap:
 PSYoungGen      total 6656K, used 2123K [0x00000000eab00000, 0x00000000eb580000, 0x0000000100000000)
  eden space 5632K, 20% used [0x00000000eab00000,0x00000000eac19e50,0x00000000eb080000)
  from space 1024K, 97% used [0x00000000eb100000,0x00000000eb1f9148,0x00000000eb200000)
  to   space 2560K, 0% used [0x00000000eb300000,0x00000000eb300000,0x00000000eb580000)
 ParOldGen       total 95232K, used 93078K [0x00000000c0000000, 0x00000000c5d00000, 0x00000000eab00000)
  object space 95232K, 97% used [0x00000000c0000000,0x00000000c5ae5b60,0x00000000c5d00000)
 Metaspace       used 60408K, committed 61568K, reserved 1114112K
  class space    used 6423K, committed 6848K, reserved 1048576K
GC Heap History (20 events):
Event: 22.497 GC heap before
{Heap before GC invocations=65 (full 4):
 PSYoungGen      total 8192K, used 8184K [0x00000000eab00000, 0x00000000eb780000, 0x0000000100000000)
  eden space 6656K, 100% used [0x00000000eab00000,0x00000000eb180000,0x00000000eb180000)
  from space 1536K, 99% used [0x00000000eb180000,0x00000000eb2fe158,0x00000000eb300000)
  to   space 3072K, 0% used [0x00000000eb480000,0x00000000eb480000,0x00000000eb780000)
 ParOldGen       total 95232K, used 81191K [0x00000000c0000000, 0x00000000c5d00000, 0x00000000eab00000)
  object space 95232K, 85% used [0x00000000c0000000,0x00000000c4f49d78,0x00000000c5d00000)
 Metaspace       used 60313K, committed 61376K, reserved 1114112K
  class space    used 6419K, committed 6848K, reserved 1048576K
}
Event: 22.499 GC heap after
{Heap after GC invocations=65 (full 4):
 PSYoungGen      total 8192K, used 1082K [0x00000000eab00000, 0x00000000eb600000, 0x0000000100000000)
  eden space 6656K, 0% used [0x00000000eab00000,0x00000000eab00000,0x00000000eb180000)
  from space 1536K, 70% used [0x00000000eb480000,0x00000000eb58e870,0x00000000eb600000)
  to   space 2048K, 0% used [0x00000000eb200000,0x00000000eb200000,0x00000000eb400000)
 ParOldGen       total 95232K, used 82682K [0x00000000c0000000, 0x00000000c5d00000, 0x00000000eab00000)
  object space 95232K, 86% used [0x00000000c0000000,0x00000000c50be9d0,0x00000000c5d00000)
 Metaspace       used 60313K, committed 61376K, reserved 1114112K
  class space    used 6419K, committed 6848K, reserved 1048576K
}
Event: 22.537 GC heap before
{Heap before GC invocations=66 (full 4):
 PSYoungGen      total 8192K, used 7738K [0x00000000eab00000, 0x00000000eb600000, 0x0000000100000000)
  eden space 6656K, 100% used [0x00000000eab00000,0x00000000eb180000,0x00000000eb180000)
  from space 1536K, 70% used [0x00000000eb480000,0x00000000eb58e870,0x00000000eb600000)
  to   space 2048K, 0% used [0x00000000eb200000,0x00000000eb200000,0x00000000eb400000)
 ParOldGen       total 95232K, used 82682K [0x00000000c0000000, 0x00000000c5d00000, 0x00000000eab00000)
  object space 95232K, 86% used [0x00000000c0000000,0x00000000c50be9d0,0x00000000c5d00000)
 Metaspace       used 60318K, committed 61440K, reserved 1114112K
  class space    used 6419K, committed 6848K, reserved 1048576K
}
Event: 22.539 GC heap after
{Heap after GC invocations=66 (full 4):
 PSYoungGen      total 8192K, used 1434K [0x00000000eab00000, 0x00000000eb500000, 0x0000000100000000)
  eden space 6656K, 0% used [0x00000000eab00000,0x00000000eab00000,0x00000000eb180000)
  from space 1536K, 93% used [0x00000000eb200000,0x00000000eb366b60,0x00000000eb380000)
  to   space 1536K, 0% used [0x00000000eb380000,0x00000000eb380000,0x00000000eb500000)
 ParOldGen       total 95232K, used 83664K [0x00000000c0000000, 0x00000000c5d00000, 0x00000000eab00000)
  object space 95232K, 87% used [0x00000000c0000000,0x00000000c51b4240,0x00000000c5d00000)
 Metaspace       used 60318K, committed 61440K, reserved 1114112K
  class space    used 6419K, committed 6848K, reserved 1048576K
}
Event: 22.901 GC heap before
{Heap before GC invocations=67 (full 4):
 PSYoungGen      total 8192K, used 8090K [0x00000000eab00000, 0x00000000eb500000, 0x0000000100000000)
  eden space 6656K, 100% used [0x00000000eab00000,0x00000000eb180000,0x00000000eb180000)
  from space 1536K, 93% used [0x00000000eb200000,0x00000000eb366b60,0x00000000eb380000)
  to   space 1536K, 0% used [0x00000000eb380000,0x00000000eb380000,0x00000000eb500000)
 ParOldGen       total 95232K, used 83664K [0x00000000c0000000, 0x00000000c5d00000, 0x00000000eab00000)
  object space 95232K, 87% used [0x00000000c0000000,0x00000000c51b4240,0x00000000c5d00000)
 Metaspace       used 60358K, committed 61504K, reserved 1114112K
  class space    used 6419K, committed 6848K, reserved 1048576K
}
Event: 22.904 GC heap after
{Heap after GC invocations=67 (full 4):
 PSYoungGen      total 8192K, used 1351K [0x00000000eab00000, 0x00000000eb500000, 0x0000000100000000)
  eden space 6656K, 0% used [0x00000000eab00000,0x00000000eab00000,0x00000000eb180000)
  from space 1536K, 87% used [0x00000000eb380000,0x00000000eb4d1de8,0x00000000eb500000)
  to   space 1536K, 0% used [0x00000000eb200000,0x00000000eb200000,0x00000000eb380000)
 ParOldGen       total 95232K, used 84978K [0x00000000c0000000, 0x00000000c5d00000, 0x00000000eab00000)
  object space 95232K, 89% used [0x00000000c0000000,0x00000000c52fc8f8,0x00000000c5d00000)
 Metaspace       used 60358K, committed 61504K, reserved 1114112K
  class space    used 6419K, committed 6848K, reserved 1048576K
}
Event: 22.975 GC heap before
{Heap before GC invocations=68 (full 4):
 PSYoungGen      total 8192K, used 8007K [0x00000000eab00000, 0x00000000eb500000, 0x0000000100000000)
  eden space 6656K, 100% used [0x00000000eab00000,0x00000000eb180000,0x00000000eb180000)
  from space 1536K, 87% used [0x00000000eb380000,0x00000000eb4d1de8,0x00000000eb500000)
  to   space 1536K, 0% used [0x00000000eb200000,0x00000000eb200000,0x00000000eb380000)
 ParOldGen       total 95232K, used 84978K [0x00000000c0000000, 0x00000000c5d00000, 0x00000000eab00000)
  object space 95232K, 89% used [0x00000000c0000000,0x00000000c52fc8f8,0x00000000c5d00000)
 Metaspace       used 60361K, committed 61504K, reserved 1114112K
  class space    used 6419K, committed 6848K, reserved 1048576K
}
Event: 22.977 GC heap after
{Heap after GC invocations=68 (full 4):
 PSYoungGen      total 8192K, used 1451K [0x00000000eab00000, 0x00000000eb480000, 0x0000000100000000)
  eden space 6656K, 0% used [0x00000000eab00000,0x00000000eab00000,0x00000000eb180000)
  from space 1536K, 94% used [0x00000000eb200000,0x00000000eb36ac18,0x00000000eb380000)
  to   space 1024K, 0% used [0x00000000eb380000,0x00000000eb380000,0x00000000eb480000)
 ParOldGen       total 95232K, used 86297K [0x00000000c0000000, 0x00000000c5d00000, 0x00000000eab00000)
  object space 95232K, 90% used [0x00000000c0000000,0x00000000c5446710,0x00000000c5d00000)
 Metaspace       used 60361K, committed 61504K, reserved 1114112K
  class space    used 6419K, committed 6848K, reserved 1048576K
}
Event: 23.090 GC heap before
{Heap before GC invocations=69 (full 4):
 PSYoungGen      total 8192K, used 8107K [0x00000000eab00000, 0x00000000eb480000, 0x0000000100000000)
  eden space 6656K, 100% used [0x00000000eab00000,0x00000000eb180000,0x00000000eb180000)
  from space 1536K, 94% used [0x00000000eb200000,0x00000000eb36ac18,0x00000000eb380000)
  to   space 1024K, 0% used [0x00000000eb380000,0x00000000eb380000,0x00000000eb480000)
 ParOldGen       total 95232K, used 86297K [0x00000000c0000000, 0x00000000c5d00000, 0x00000000eab00000)
  object space 95232K, 90% used [0x00000000c0000000,0x00000000c5446710,0x00000000c5d00000)
 Metaspace       used 60366K, committed 61504K, reserved 1114112K
  class space    used 6419K, committed 6848K, reserved 1048576K
}
Event: 23.092 GC heap after
{Heap after GC invocations=69 (full 4):
 PSYoungGen      total 6656K, used 1006K [0x00000000eab00000, 0x00000000eb780000, 0x0000000100000000)
  eden space 5632K, 0% used [0x00000000eab00000,0x00000000eab00000,0x00000000eb080000)
  from space 1024K, 98% used [0x00000000eb380000,0x00000000eb47b890,0x00000000eb480000)
  to   space 3072K, 0% used [0x00000000eb080000,0x00000000eb080000,0x00000000eb380000)
 ParOldGen       total 95232K, used 88073K [0x00000000c0000000, 0x00000000c5d00000, 0x00000000eab00000)
  object space 95232K, 92% used [0x00000000c0000000,0x00000000c5602758,0x00000000c5d00000)
 Metaspace       used 60366K, committed 61504K, reserved 1114112K
  class space    used 6419K, committed 6848K, reserved 1048576K
}
Event: 23.132 GC heap before
{Heap before GC invocations=70 (full 4):
 PSYoungGen      total 6656K, used 6638K [0x00000000eab00000, 0x00000000eb780000, 0x0000000100000000)
  eden space 5632K, 100% used [0x00000000eab00000,0x00000000eb080000,0x00000000eb080000)
  from space 1024K, 98% used [0x00000000eb380000,0x00000000eb47b890,0x00000000eb480000)
  to   space 3072K, 0% used [0x00000000eb080000,0x00000000eb080000,0x00000000eb380000)
 ParOldGen       total 95232K, used 88073K [0x00000000c0000000, 0x00000000c5d00000, 0x00000000eab00000)
  object space 95232K, 92% used [0x00000000c0000000,0x00000000c5602758,0x00000000c5d00000)
 Metaspace       used 60375K, committed 61504K, reserved 1114112K
  class space    used 6419K, committed 6848K, reserved 1048576K
}
Event: 23.134 GC heap after
{Heap after GC invocations=70 (full 4):
 PSYoungGen      total 7168K, used 1216K [0x00000000eab00000, 0x00000000eb480000, 0x0000000100000000)
  eden space 5632K, 0% used [0x00000000eab00000,0x00000000eab00000,0x00000000eb080000)
  from space 1536K, 79% used [0x00000000eb080000,0x00000000eb1b0000,0x00000000eb200000)
  to   space 2048K, 0% used [0x00000000eb280000,0x00000000eb280000,0x00000000eb480000)
 ParOldGen       total 95232K, used 89095K [0x00000000c0000000, 0x00000000c5d00000, 0x00000000eab00000)
  object space 95232K, 93% used [0x00000000c0000000,0x00000000c5701e40,0x00000000c5d00000)
 Metaspace       used 60375K, committed 61504K, reserved 1114112K
  class space    used 6419K, committed 6848K, reserved 1048576K
}
Event: 23.217 GC heap before
{Heap before GC invocations=71 (full 4):
 PSYoungGen      total 7168K, used 6848K [0x00000000eab00000, 0x00000000eb480000, 0x0000000100000000)
  eden space 5632K, 100% used [0x00000000eab00000,0x00000000eb080000,0x00000000eb080000)
  from space 1536K, 79% used [0x00000000eb080000,0x00000000eb1b0000,0x00000000eb200000)
  to   space 2048K, 0% used [0x00000000eb280000,0x00000000eb280000,0x00000000eb480000)
 ParOldGen       total 95232K, used 89095K [0x00000000c0000000, 0x00000000c5d00000, 0x00000000eab00000)
  object space 95232K, 93% used [0x00000000c0000000,0x00000000c5701e40,0x00000000c5d00000)
 Metaspace       used 60395K, committed 61568K, reserved 1114112K
  class space    used 6423K, committed 6848K, reserved 1048576K
}
Event: 23.219 GC heap after
{Heap after GC invocations=71 (full 4):
 PSYoungGen      total 6656K, used 947K [0x00000000eab00000, 0x00000000eb380000, 0x0000000100000000)
  eden space 5632K, 0% used [0x00000000eab00000,0x00000000eab00000,0x00000000eb080000)
  from space 1024K, 92% used [0x00000000eb280000,0x00000000eb36cfb8,0x00000000eb380000)
  to   space 1536K, 0% used [0x00000000eb080000,0x00000000eb080000,0x00000000eb200000)
 ParOldGen       total 95232K, used 90287K [0x00000000c0000000, 0x00000000c5d00000, 0x00000000eab00000)
  object space 95232K, 94% used [0x00000000c0000000,0x00000000c582bec0,0x00000000c5d00000)
 Metaspace       used 60395K, committed 61568K, reserved 1114112K
  class space    used 6423K, committed 6848K, reserved 1048576K
}
Event: 23.314 GC heap before
{Heap before GC invocations=72 (full 4):
 PSYoungGen      total 6656K, used 6579K [0x00000000eab00000, 0x00000000eb380000, 0x0000000100000000)
  eden space 5632K, 100% used [0x00000000eab00000,0x00000000eb080000,0x00000000eb080000)
  from space 1024K, 92% used [0x00000000eb280000,0x00000000eb36cfb8,0x00000000eb380000)
  to   space 1536K, 0% used [0x00000000eb080000,0x00000000eb080000,0x00000000eb200000)
 ParOldGen       total 95232K, used 90287K [0x00000000c0000000, 0x00000000c5d00000, 0x00000000eab00000)
  object space 95232K, 94% used [0x00000000c0000000,0x00000000c582bec0,0x00000000c5d00000)
 Metaspace       used 60395K, committed 61568K, reserved 1114112K
  class space    used 6423K, committed 6848K, reserved 1048576K
}
Event: 23.315 GC heap after
{Heap after GC invocations=72 (full 4):
 PSYoungGen      total 7168K, used 866K [0x00000000eab00000, 0x00000000eb300000, 0x0000000100000000)
  eden space 5632K, 0% used [0x00000000eab00000,0x00000000eab00000,0x00000000eb080000)
  from space 1536K, 56% used [0x00000000eb080000,0x00000000eb158b00,0x00000000eb200000)
  to   space 1024K, 0% used [0x00000000eb200000,0x00000000eb200000,0x00000000eb300000)
 ParOldGen       total 95232K, used 91146K [0x00000000c0000000, 0x00000000c5d00000, 0x00000000eab00000)
  object space 95232K, 95% used [0x00000000c0000000,0x00000000c5902ba0,0x00000000c5d00000)
 Metaspace       used 60395K, committed 61568K, reserved 1114112K
  class space    used 6423K, committed 6848K, reserved 1048576K
}
Event: 23.388 GC heap before
{Heap before GC invocations=73 (full 4):
 PSYoungGen      total 7168K, used 6498K [0x00000000eab00000, 0x00000000eb300000, 0x0000000100000000)
  eden space 5632K, 100% used [0x00000000eab00000,0x00000000eb080000,0x00000000eb080000)
  from space 1536K, 56% used [0x00000000eb080000,0x00000000eb158b00,0x00000000eb200000)
  to   space 1024K, 0% used [0x00000000eb200000,0x00000000eb200000,0x00000000eb300000)
 ParOldGen       total 95232K, used 91146K [0x00000000c0000000, 0x00000000c5d00000, 0x00000000eab00000)
  object space 95232K, 95% used [0x00000000c0000000,0x00000000c5902ba0,0x00000000c5d00000)
 Metaspace       used 60395K, committed 61568K, reserved 1114112K
  class space    used 6423K, committed 6848K, reserved 1048576K
}
Event: 23.390 GC heap after
{Heap after GC invocations=73 (full 4):
 PSYoungGen      total 6656K, used 919K [0x00000000eab00000, 0x00000000eb300000, 0x0000000100000000)
  eden space 5632K, 0% used [0x00000000eab00000,0x00000000eab00000,0x00000000eb080000)
  from space 1024K, 89% used [0x00000000eb200000,0x00000000eb2e5f40,0x00000000eb300000)
  to   space 1024K, 0% used [0x00000000eb100000,0x00000000eb100000,0x00000000eb200000)
 ParOldGen       total 95232K, used 91985K [0x00000000c0000000, 0x00000000c5d00000, 0x00000000eab00000)
  object space 95232K, 96% used [0x00000000c0000000,0x00000000c59d4528,0x00000000c5d00000)
 Metaspace       used 60395K, committed 61568K, reserved 1114112K
  class space    used 6423K, committed 6848K, reserved 1048576K
}
Event: 25.314 GC heap before
{Heap before GC invocations=74 (full 4):
 PSYoungGen      total 6656K, used 6551K [0x00000000eab00000, 0x00000000eb300000, 0x0000000100000000)
  eden space 5632K, 100% used [0x00000000eab00000,0x00000000eb080000,0x00000000eb080000)
  from space 1024K, 89% used [0x00000000eb200000,0x00000000eb2e5f40,0x00000000eb300000)
  to   space 1024K, 0% used [0x00000000eb100000,0x00000000eb100000,0x00000000eb200000)
 ParOldGen       total 95232K, used 91985K [0x00000000c0000000, 0x00000000c5d00000, 0x00000000eab00000)
  object space 95232K, 96% used [0x00000000c0000000,0x00000000c59d4528,0x00000000c5d00000)
 Metaspace       used 60396K, committed 61568K, reserved 1114112K
  class space    used 6423K, committed 6848K, reserved 1048576K
}
Event: 25.316 GC heap after
{Heap after GC invocations=74 (full 4):
 PSYoungGen      total 6656K, used 996K [0x00000000eab00000, 0x00000000eb580000, 0x0000000100000000)
  eden space 5632K, 0% used [0x00000000eab00000,0x00000000eab00000,0x00000000eb080000)
  from space 1024K, 97% used [0x00000000eb100000,0x00000000eb1f9148,0x00000000eb200000)
  to   space 2560K, 0% used [0x00000000eb300000,0x00000000eb300000,0x00000000eb580000)
 ParOldGen       total 95232K, used 93078K [0x00000000c0000000, 0x00000000c5d00000, 0x00000000eab00000)
  object space 95232K, 97% used [0x00000000c0000000,0x00000000c5ae5b60,0x00000000c5d00000)
 Metaspace       used 60396K, committed 61568K, reserved 1114112K
  class space    used 6423K, committed 6848K, reserved 1048576K
}

